<?xml version="1.0" encoding="UTF-8"?>
<testsuite xmlns:xsi="http://www.w3.org/2001/XMLSchema-instance" xsi:noNamespaceSchemaLocation="https://maven.apache.org/surefire/maven-surefire-plugin/xsd/surefire-test-report-3.0.xsd" version="3.0" name="com.aether.actor.ActorPathValidatorTest" time="0.087" tests="7" errors="0" skipped="0" failures="0">
  <properties>
[...]
</properties>
  <testcase name="testValidPaths" classname="com.aether.actor.ActorPathValidatorTest" time="0.03"/>
  <testcase name="testGetName" classname="com.aether.actor.ActorPathValidatorTest" time="0.003"/>
  <testcase name="testMaxLength" classname="com.aether.actor.ActorPathValidatorTest" time="0.002"/>
  <testcase name="testMaxDepth" classname="com.aether.actor.ActorPathValidatorTest" time="0.001"/>
  <testcase name="testGetParentPath" classname="com.aether.actor.ActorPathValidatorTest" time="0.001"/>
  <testcase name="testInvalidPaths" classname="com.aether.actor.ActorPathValidatorTest" time="0.008"/>
  <testcase name="testValidateThrowsException" classname="com.aether.actor.ActorPathValidatorTest" time="0.003"/>
</testsuite>