<?xml version="1.0" encoding="UTF-8"?>
<testsuite xmlns:xsi="http://www.w3.org/2001/XMLSchema-instance" xsi:noNamespaceSchemaLocation="https://maven.apache.org/surefire/maven-surefire-plugin/xsd/surefire-test-report-3.0.xsd" version="3.0" name="com.aether.spring.SupervisorTreeIntegrationTest" time="0.038" tests="4" errors="0" skipped="0" failures="0">
  <properties>
[...]
</properties>
  <testcase name="testSupervisorManagesChildren" classname="com.aether.spring.SupervisorTreeIntegrationTest" time="0.008">
    <system-out><![CDATA[2026-06-05T16:42:01.068+08:00  INFO 29512 --- [           main] com.aether.actor.Actor                   : Actor started: /user/supervisor
]]></system-out>
  </testcase>
  <testcase name="testSupervisorStrategyDefaults" classname="com.aether.spring.SupervisorTreeIntegrationTest" time="0.002"/>
  <testcase name="testSupervisorHandlesFailure" classname="com.aether.spring.SupervisorTreeIntegrationTest" time="0.007">
    <system-out><![CDATA[2026-06-05T16:42:01.080+08:00  INFO 29512 --- [           main] com.aether.actor.Actor                   : Actor started: /user/supervisor-failure
2026-06-05T16:42:01.080+08:00  INFO 29512 --- [           main] com.aether.actor.Actor                   : Actor started: /user/failing-child
]]></system-out>
  </testcase>
  <testcase name="testMultipleChildren" classname="com.aether.spring.SupervisorTreeIntegrationTest" time="0.003">
    <system-out><![CDATA[2026-06-05T16:42:01.085+08:00  INFO 29512 --- [           main] com.aether.actor.Actor                   : Actor started: /user/supervisor-multi
]]></system-out>
  </testcase>
</testsuite>